<?xml version="1.0" encoding="UTF-8"?>
<!-- Generated by org.testng.reporters.JUnitReportReporter -->
<testsuite hostname="nitiraj" failures="0" tests="1" name="Runner.simplestepsrunner" time="6.134" errors="0" timestamp="2024-08-11T22:02:33 IST" skipped="0">
  <testcase classname="Runner.simplestepsrunner" name="runScenario" time="6.134"/>
</testsuite> <!-- Runner.simplestepsrunner -->
