<?xml version="1.0" encoding="UTF-8"?>
<!-- Generated by org.testng.reporters.JUnitReportReporter -->
<testsuite hostname="nitiraj" failures="0" tests="1" name="SimpleRunner.simplestepsrunner" time="21.756" errors="0" timestamp="2024-08-11T20:18:43 IST" skipped="0">
  <testcase classname="SimpleRunner.simplestepsrunner" name="runScenario" time="21.756"/>
</testsuite> <!-- SimpleRunner.simplestepsrunner -->
