<?xml version="1.0" encoding="UTF-8"?>
<!-- Generated by org.testng.reporters.JUnitReportReporter -->
<testsuite hostname="nitiraj" failures="0" tests="1" name="Runner.simplestepsrunner" time="5.260" errors="0" timestamp="2024-08-11T22:05:36 IST" skipped="0">
  <testcase classname="Runner.simplestepsrunner" name="runScenario" time="5.260"/>
</testsuite> <!-- Runner.simplestepsrunner -->
